Adjacency matrix:
010000000100000000000000000000000000000000000000000000000000000000000000000000000
101000000010000000000000000000000000000000000000000000000000000000000000000000000
010100000001000000000000000000000000000000000000000000000000000000000000000000000
001010000000100000000000000000000000000000000000000000000000000000000000000000000
000101000000010000000000000000000000000000000000000000000000000000000000000000000
000010100000001000000000000000000000000000000000000000000000000000000000000000000
000001010000000100000000000000000000000000000000000000000000000000000000000000000
000000101000000010000000000000000000000000000000000000000000000000000000000000000
000000010000000001000000000000000000000000000000000000000000000000000000000000000
100000000010000000100000000000000000000000000000000000000000000000000000000000000
010000000101000000010000000000000000000000000000000000000000000000000000000000000
001000000010100000001000000000000000000000000000000000000000000000000000000000000
000100000001010000000100000000000000000000000000000000000000000000000000000000000
000010000000101000000010000000000000000000000000000000000000000000000000000000000
000001000000010100000001000000000000000000000000000000000000000000000000000000000
000000100000001010000000100000000000000000000000000000000000000000000000000000000
000000010000000101000000010000000000000000000000000000000000000000000000000000000
000000001000000010000000001000000000000000000000000000000000000000000000000000000
000000000100000000010000000100000000000000000000000000000000000000000000000000000
000000000010000000101000000010000000000000000000000000000000000000000000000000000
000000000001000000010100000001000000000000000000000000000000000000000000000000000
000000000000100000001010000000100000000000000000000000000000000000000000000000000
000000000000010000000101000000010000000000000000000000000000000000000000000000000
000000000000001000000010100000001000000000000000000000000000000000000000000000000
000000000000000100000001010000000100000000000000000000000000000000000000000000000
000000000000000010000000101000000010000000000000000000000000000000000000000000000
000000000000000001000000010000000001000000000000000000000000000000000000000000000
000000000000000000100000000010000000100000000000000000000000000000000000000000000
000000000000000000010000000101000000010000000000000000000000000000000000000000000
000000000000000000001000000010100000001000000000000000000000000000000000000000000
000000000000000000000100000001010000000100000000000000000000000000000000000000000
000000000000000000000010000000101000000010000000000000000000000000000000000000000
000000000000000000000001000000010100000001000000000000000000000000000000000000000
000000000000000000000000100000001010000000100000000000000000000000000000000000000
000000000000000000000000010000000101000000010000000000000000000000000000000000000
000000000000000000000000001000000010000000001000000000000000000000000000000000000
000000000000000000000000000100000000010000000100000000000000000000000000000000000
000000000000000000000000000010000000101000000010000000000000000000000000000000000
000000000000000000000000000001000000010100000001000000000000000000000000000000000
000000000000000000000000000000100000001010000000100000000000000000000000000000000
000000000000000000000000000000010000000101000000010000000000000000000000000000000
000000000000000000000000000000001000000010100000001000000000000000000000000000000
000000000000000000000000000000000100000001010000000100000000000000000000000000000
000000000000000000000000000000000010000000101000000010000000000000000000000000000
000000000000000000000000000000000001000000010000000001000000000000000000000000000
000000000000000000000000000000000000100000000010000000100000000000000000000000000
000000000000000000000000000000000000010000000101000000010000000000000000000000000
000000000000000000000000000000000000001000000010100000001000000000000000000000000
000000000000000000000000000000000000000100000001010000000100000000000000000000000
000000000000000000000000000000000000000010000000101000000010000000000000000000000
000000000000000000000000000000000000000001000000010100000001000000000000000000000
000000000000000000000000000000000000000000100000001010000000100000000000000000000
000000000000000000000000000000000000000000010000000101000000010000000000000000000
000000000000000000000000000000000000000000001000000010000000001000000000000000000
000000000000000000000000000000000000000000000100000000010000000100000000000000000
000000000000000000000000000000000000000000000010000000101000000010000000000000000
000000000000000000000000000000000000000000000001000000010100000001000000000000000
000000000000000000000000000000000000000000000000100000001010000000100000000000000
000000000000000000000000000000000000000000000000010000000101000000010000000000000
000000000000000000000000000000000000000000000000001000000010100000001000000000000
000000000000000000000000000000000000000000000000000100000001010000000100000000000
000000000000000000000000000000000000000000000000000010000000101000000010000000000
000000000000000000000000000000000000000000000000000001000000010000000001000000000
000000000000000000000000000000000000000000000000000000100000000010000000100000000
000000000000000000000000000000000000000000000000000000010000000101000000010000000
000000000000000000000000000000000000000000000000000000001000000010100000001000000
000000000000000000000000000000000000000000000000000000000100000001010000000100000
000000000000000000000000000000000000000000000000000000000010000000101000000010000
000000000000000000000000000000000000000000000000000000000001000000010100000001000
000000000000000000000000000000000000000000000000000000000000100000001010000000100
000000000000000000000000000000000000000000000000000000000000010000000101000000010
000000000000000000000000000000000000000000000000000000000000001000000010000000001
000000000000000000000000000000000000000000000000000000000000000100000000010000000
000000000000000000000000000000000000000000000000000000000000000010000000101000000
000000000000000000000000000000000000000000000000000000000000000001000000010100000
000000000000000000000000000000000000000000000000000000000000000000100000001010000
000000000000000000000000000000000000000000000000000000000000000000010000000101000
000000000000000000000000000000000000000000000000000000000000000000001000000010100
000000000000000000000000000000000000000000000000000000000000000000000100000001010
000000000000000000000000000000000000000000000000000000000000000000000010000000101
000000000000000000000000000000000000000000000000000000000000000000000001000000010

Starting BFS; initial state:
[34m█[34m█[34m█[34m█[34m█[34m█[34m█[34m█[34m█[34m█[34m█[34m█[34m█[34m█[34m█[34m█[34m█[34m█
[34m█[34m█[31m█[31m█[31m█[31m█[34m█[34m█[34m█[34m█[34m█[34m█[31m█[31m█[31m█[31m█[34m█[34m█
[31m█[31m█[31m█[31m█[31m█[31m█[31m█[31m█[34m█[34m█[31m█[31m█[31m█[31m█[31m█[31m█[31m█[31m█
[31m█[31m█[31m█[31m█[31m█[31m█[31m█[31m█[31m█[31m█[31m█[31m█[31m█[31m█[31m█[31m█[31m█[31m█
[33m█[33m█[31m█[31m█[31m█[31m█[31m█[31m█[31m█[31m█[31m█[31m█[31m█[31m█[31m█[31m█[33m█[33m█
[33m█[33m█[33m█[33m█[31m█[31m█[31m█[31m█[31m█[31m█[31m█[31m█[31m█[31m█[33m█[33m█[33m█[33m█
[33m█[33m█[33m█[33m█[33m█[33m█[31m█[31m█[31m█[31m█[31m█[31m█[33m█[33m█[33m█[33m█[33m█[33m█
[33m█[33m█[33m█[33m█[33m█[33m█[33m█[33m█[31m█[31m█[33m█[33m█[33m█[33m█[33m█[33m█[33m█[33m█
[33m█[33m█[33m█[33m█[33m█[33m█[33m█[33m█[33m█[33m█[33m█[33m█[33m█[33m█[33m█[33m█[33m█[33m█
[0m
[34m█[34m█[34m█[34m█[34m█[34m█[34m█[34m█[34m█[34m█[34m█[34m█[34m█[34m█[34m█[34m█[34m█[34m█
[34m█[34m█[31m█[31m█[31m█[31m█[34m█[34m█[34m█[34m█[34m█[34m█[31m█[31m█[31m█[31m█[34m█[34m█
[31m█[31m█[31m█[31m█[31m█[31m█[31m█[31m█[34m█[34m█[31m█[31m█[31m█[31m█[31m█[31m█[31m█[31m█
[31m█[31m█[31m█[31m█[31m█[31m█[31m█[31m█[31m█[31m█[31m█[31m█[31m█[31m█[31m█[31m█[31m█[31m█
[33m█[33m█[31m█[31m█[31m█[31m█[31m█[31m█[31m█[31m█[31m█[31m█[31m█[31m█[31m█[31m█[33m█[33m█
[35m█[35m█[33m█[33m█[31m█[31m█[31m█[31m█[31m█[31m█[31m█[31m█[31m█[31m█[33m█[33m█[33m█[33m█
[33m█[33m█[33m█[33m█[33m█[33m█[31m█[31m█[31m█[31m█[31m█[31m█[33m█[33m█[33m█[33m█[33m█[33m█
[33m█[33m█[33m█[33m█[33m█[33m█[33m█[33m█[31m█[31m█[33m█[33m█[33m█[33m█[33m█[33m█[33m█[33m█
[33m█[33m█[33m█[33m█[33m█[33m█[33m█[33m█[33m█[33m█[33m█[33m█[33m█[33m█[33m█[33m█[33m█[33m█
[0m
[34m█[34m█[34m█[34m█[34m█[34m█[34m█[34m█[34m█[34m█[34m█[34m█[34m█[34m█[34m█[34m█[34m█[34m█
[34m█[34m█[31m█[31m█[31m█[31m█[34m█[34m█[34m█[34m█[34m█[34m█[31m█[31m█[31m█[31m█[34m█[34m█
[31m█[31m█[31m█[31m█[31m█[31m█[31m█[31m█[34m█[34m█[31m█[31m█[31m█[31m█[31m█[31m█[31m█[31m█
[31m█[31m█[31m█[31m█[31m█[31m█[31m█[31m█[31m█[31m█[31m█[31m█[31m█[31m█[31m█[31m█[31m█[31m█
[35m█[35m█[31m█[31m█[31m█[31m█[31m█[31m█[31m█[31m█[31m█[31m█[31m█[31m█[31m█[31m█[33m█[33m█
[35m█[35m█[33m█[33m█[31m█[31m█[31m█[31m█[31m█[31m█[31m█[31m█[31m█[31m█[33m█[33m█[33m█[33m█
[33m█[33m█[33m█[33m█[33m█[33m█[31m█[31m█[31m█[31m█[31m█[31m█[33m█[33m█[33m█[33m█[33m█[33m█
[33m█[33m█[33m█[33m█[33m█[33m█[33m█[33m█[31m█[31m█[33m█[33m█[33m█[33m█[33m█[33m█[33m█[33m█
[33m█[33m█[33m█[33m█[33m█[33m█[33m█[33m█[33m█[33m█[33m█[33m█[33m█[33m█[33m█[33m█[33m█[33m█
[0m
[34m█[34m█[34m█[34m█[34m█[34m█[34m█[34m█[34m█[34m█[34m█[34m█[34m█[34m█[34m█[34m█[34m█[34m█
[34m█[34m█[31m█[31m█[31m█[31m█[34m█[34m█[34m█[34m█[34m█[34m█[31m█[31m█[31m█[31m█[34m█[34m█
[31m█[31m█[31m█[31m█[31m█[31m█[31m█[31m█[34m█[34m█[31m█[31m█[31m█[31m█[31m█[31m█[31m█[31m█
[31m█[31m█[31m█[31m█[31m█[31m█[31m█[31m█[31m█[31m█[31m█[31m█[31m█[31m█[31m█[31m█[31m█[31m█
[35m█[35m█[31m█[31m█[31m█[31m█[31m█[31m█[31m█[31m█[31m█[31m█[31m█[31m█[31m█[31m█[33m█[33m█
[35m█[35m█[35m█[35m█[31m█[31m█[31m█[31m█[31m█[31m█[31m█[31m█[31m█[31m█[33m█[33m█[33m█[33m█
[33m█[33m█[33m█[33m█[33m█[33m█[31m█[31m█[31m█[31m█[31m█[31m█[33m█[33m█[33m█[33m█[33m█[33m█
[33m█[33m█[33m█[33m█[33m█[33m█[33m█[33m█[31m█[31m█[33m█[33m█[33m█[33m█[33m█[33m█[33m█[33m█
[33m█[33m█[33m█[33m█[33m█[33m█[33m█[33m█[33m█[33m█[33m█[33m█[33m█[33m█[33m█[33m█[33m█[33m█
[0m
[34m█[34m█[34m█[34m█[34m█[34m█[34m█[34m█[34m█[34m█[34m█[34m█[34m█[34m█[34m█[34m█[34m█[34m█
[34m█[34m█[31m█[31m█[31m█[31m█[34m█[34m█[34m█[34m█[34m█[34m█[31m█[31m█[31m█[31m█[34m█[34m█
[31m█[31m█[31m█[31m█[31m█[31m█[31m█[31m█[34m█[34m█[31m█[31m█[31m█[31m█[31m█[31m█[31m█[31m█
[31m█[31m█[31m█[31m█[31m█[31m█[31m█[31m█[31m█[31m█[31m█[31m█[31m█[31m█[31m█[31m█[31m█[31m█
[35m█[35m█[31m█[31m█[31m█[31m█[31m█[31m█[31m█[31m█[31m█[31m█[31m█[31m█[31m█[31m█[33m█[33m█
[35m█[35m█[35m█[35m█[31m█[31m█[31m█[31m█[31m█[31m█[31m█[31m█[31m█[31m█[33m█[33m█[33m█[33m█
[35m█[35m█[33m█[33m█[33m█[33m█[31m█[31m█[31m█[31m█[31m█[31m█[33m█[33m█[33m█[33m█[33m█[33m█
[33m█[33m█[33m█[33m█[33m█[33m█[33m█[33m█[31m█[31m█[33m█[33m█[33m█[33m█[33m█[33m█[33m█[33m█
[33m█[33m█[33m█[33m█[33m█[33m█[33m█[33m█[33m█[33m█[33m█[33m█[33m█[33m█[33m█[33m█[33m█[33m█
[0m
[34m█[34m█[34m█[34m█[34m█[34m█[34m█[34m█[34m█[34m█[34m█[34m█[34m█[34m█[34m█[34m█[34m█[34m█
[34m█[34m█[31m█[31m█[31m█[31m█[34m█[34m█[34m█[34m█[34m█[34m█[31m█[31m█[31m█[31m█[34m█[34m█
[31m█[31m█[31m█[31m█[31m█[31m█[31m█[31m█[34m█[34m█[31m█[31m█[31m█[31m█[31m█[31m█[31m█[31m█
[31m█[31m█[31m█[31m█[31m█[31m█[31m█[31m█[31m█[31m█[31m█[31m█[31m█[31m█[31m█[31m█[31m█[31m█
[35m█[35m█[31m█[31m█[31m█[31m█[31m█[31m█[31m█[31m█[31m█[31m█[31m█[31m█[31m█[31m█[33m█[33m█
[35m█[35m█[35m█[35m█[31m█[31m█[31m█[31m█[31m█[31m█[31m█[31m█[31m█[31m█[33m█[33m█[33m█[33m█
[35m█[35m█[35m█[35m█[33m█[33m█[31m█[31m█[31m█[31m█[31m█[31m█[33m█[33m█[33m█[33m█[33m█[33m█
[33m█[33m█[33m█[33m█[33m█[33m█[33m█[33m█[31m█[31m█[33m█[33m█[33m█[33m█[33m█[33m█[33m█[33m█
[33m█[33m█[33m█[33m█[33m█[33m█[33m█[33m█[33m█[33m█[33m█[33m█[33m█[33m█[33m█[33m█[33m█[33m█
[0m
[34m█[34m█[34m█[34m█[34m█[34m█[34m█[34m█[34m█[34m█[34m█[34m█[34m█[34m█[34m█[34m█[34m█[34m█
[34m█[34m█[31m█[31m█[31m█[31m█[34m█[34m█[34m█[34m█[34m█[34m█[31m█[31m█[31m█[31m█[34m█[34m█
[31m█[31m█[31m█[31m█[31m█[31m█[31m█[31m█[34m█[34m█[31m█[31m█[31m█[31m█[31m█[31m█[31m█[31m█
[31m█[31m█[31m█[31m█[31m█[31m█[31m█[31m█[31m█[31m█[31m█[31m█[31m█[31m█[31m█[31m█[31m█[31m█
[35m█[35m█[31m█[31m█[31m█[31m█[31m█[31m█[31m█[31m█[31m█[31m█[31m█[31m█[31m█[31m█[33m█[33m█
[35m█[35m█[35m█[35m█[31m█[31m█[31m█[31m█[31m█[31m█[31m█[31m█[31m█[31m█[33m█[33m█[33m█[33m█
[35m█[35m█[35m█[35m█[33m█[33m█[31m█[31m█[31m█[31m█[31m█[31m█[33m█[33m█[33m█[33m█[33m█[33m█
[35m█[35m█[33m█[33m█[33m█[33m█[33m█[33m█[31m█[31m█[33m█[33m█[33m█[33m█[33m█[33m█[33m█[33m█
[33m█[33m█[33m█[33m█[33m█[33m█[33m█[33m█[33m█[33m█[33m█[33m█[33m█[33m█[33m█[33m█[33m█[33m█
[0m
[34m█[34m█[34m█[34m█[34m█[34m█[34m█[34m█[34m█[34m█[34m█[34m█[34m█[34m█[34m█[34m█[34m█[34m█
[34m█[34m█[31m█[31m█[31m█[31m█[34m█[34m█[34m█[34m█[34m█[34m█[31m█[31m█[31m█[31m█[34m█[34m█
[31m█[31m█[31m█[31m█[31m█[31m█[31m█[31m█[34m█[34m█[31m█[31m█[31m█[31m█[31m█[31m█[31m█[31m█
[31m█[31m█[31m█[31m█[31m█[31m█[31m█[31m█[31m█[31m█[31m█[31m█[31m█[31m█[31m█[31m█[31m█[31m█
[35m█[35m█[31m█[31m█[31m█[31m█[31m█[31m█[31m█[31m█[31m█[31m█[31m█[31m█[31m█[31m█[33m█[33m█
[35m█[35m█[35m█[35m█[31m█[31m█[31m█[31m█[31m█[31m█[31m█[31m█[31m█[31m█[33m█[33m█[33m█[33m█
[35m█[35m█[35m█[35m█[35m█[35m█[31m█[31m█[31m█[31m█[31m█[31m█[33m█[33m█[33m█[33m█[33m█[33m█
[35m█[35m█[33m█[33m█[33m█[33m█[33m█[33m█[31m█[31m█[33m█[33m█[33m█[33m█[33m█[33m█[33m█[33m█
[33m█[33m█[33m█[33m█[33m█[33m█[33m█[33m█[33m█[33m█[33m█[33m█[33m█[33m█[33m█[33m█[33m█[33m█
[0m
[34m█[34m█[34m█[34m█[34m█[34m█[34m█[34m█[34m█[34m█[34m█[34m█[34m█[34m█[34m█[34m█[34m█[34m█
[34m█[34m█[31m█[31m█[31m█[31m█[34m█[34m█[34m█[34m█[34m█[34m█[31m█[31m█[31m█[31m█[34m█[34m█
[31m█[31m█[31m█[31m█[31m█[31m█[31m█[31m█[34m█[34m█[31m█[31m█[31m█[31m█[31m█[31m█[31m█[31m█
[31m█[31m█[31m█[31m█[31m█[31m█[31m█[31m█[31m█[31m█[31m█[31m█[31m█[31m█[31m█[31m█[31m█[31m█
[35m█[35m█[31m█[31m█[31m█[31m█[31m█[31m█[31m█[31m█[31m█[31m█[31m█[31m█[31m█[31m█[33m█[33m█
[35m█[35m█[35m█[35m█[31m█[31m█[31m█[31m█[31m█[31m█[31m█[31m█[31m█[31m█[33m█[33m█[33m█[33m█
[35m█[35m█[35m█[35m█[35m█[35m█[31m█[31m█[31m█[31m█[31m█[31m█[33m█[33m█[33m█[33m█[33m█[33m█
[35m█[35m█[35m█[35m█[33m█[33m█[33m█[33m█[31m█[31m█[33m█[33m█[33m█[33m█[33m█[33m█[33m█[33m█
[33m█[33m█[33m█[33m█[33m█[33m█[33m█[33m█[33m█[33m█[33m█[33m█[33m█[33m█[33m█[33m█[33m█[33m█
[0m
[34m█[34m█[34m█[34m█[34m█[34m█[34m█[34m█[34m█[34m█[34m█[34m█[34m█[34m█[34m█[34m█[34m█[34m█
[34m█[34m█[31m█[31m█[31m█[31m█[34m█[34m█[34m█[34m█[34m█[34m█[31m█[31m█[31m█[31m█[34m█[34m█
[31m█[31m█[31m█[31m█[31m█[31m█[31m█[31m█[34m█[34m█[31m█[31m█[31m█[31m█[31m█[31m█[31m█[31m█
[31m█[31m█[31m█[31m█[31m█[31m█[31m█[31m█[31m█[31m█[31m█[31m█[31m█[31m█[31m█[31m█[31m█[31m█
[35m█[35m█[31m█[31m█[31m█[31m█[31m█[31m█[31m█[31m█[31m█[31m█[31m█[31m█[31m█[31m█[33m█[33m█
[35m█[35m█[35m█[35m█[31m█[31m█[31m█[31m█[31m█[31m█[31m█[31m█[31m█[31m█[33m█[33m█[33m█[33m█
[35m█[35m█[35m█[35m█[35m█[35m█[31m█[31m█[31m█[31m█[31m█[31m█[33m█[33m█[33m█[33m█[33m█[33m█
[35m█[35m█[35m█[35m█[33m█[33m█[33m█[33m█[31m█[31m█[33m█[33m█[33m█[33m█[33m█[33m█[33m█[33m█
[35m█[35m█[33m█[33m█[33m█[33m█[33m█[33m█[33m█[33m█[33m█[33m█[33m█[33m█[33m█[33m█[33m█[33m█
[0m
[34m█[34m█[34m█[34m█[34m█[34m█[34m█[34m█[34m█[34m█[34m█[34m█[34m█[34m█[34m█[34m█[34m█[34m█
[34m█[34m█[31m█[31m█[31m█[31m█[34m█[34m█[34m█[34m█[34m█[34m█[31m█[31m█[31m█[31m█[34m█[34m█
[31m█[31m█[31m█[31m█[31m█[31m█[31m█[31m█[34m█[34m█[31m█[31m█[31m█[31m█[31m█[31m█[31m█[31m█
[31m█[31m█[31m█[31m█[31m█[31m█[31m█[31m█[31m█[31m█[31m█[31m█[31m█[31m█[31m█[31m█[31m█[31m█
[35m█[35m█[31m█[31m█[31m█[31m█[31m█[31m█[31m█[31m█[31m█[31m█[31m█[31m█[31m█[31m█[33m█[33m█
[35m█[35m█[35m█[35m█[31m█[31m█[31m█[31m█[31m█[31m█[31m█[31m█[31m█[31m█[33m█[33m█[33m█[33m█
[35m█[35m█[35m█[35m█[35m█[35m█[31m█[31m█[31m█[31m█[31m█[31m█[33m█[33m█[33m█[33m█[33m█[33m█
[35m█[35m█[35m█[35m█[35m█[35m█[33m█[33m█[31m█[31m█[33m█[33m█[33m█[33m█[33m█[33m█[33m█[33m█
[35m█[35m█[33m█[33m█[33m█[33m█[33m█[33m█[33m█[33m█[33m█[33m█[33m█[33m█[33m█[33m█[33m█[33m█
[0m
[34m█[34m█[34m█[34m█[34m█[34m█[34m█[34m█[34m█[34m█[34m█[34m█[34m█[34m█[34m█[34m█[34m█[34m█
[34m█[34m█[31m█[31m█[31m█[31m█[34m█[34m█[34m█[34m█[34m█[34m█[31m█[31m█[31m█[31m█[34m█[34m█
[31m█[31m█[31m█[31m█[31m█[31m█[31m█[31m█[34m█[34m█[31m█[31m█[31m█[31m█[31m█[31m█[31m█[31m█
[31m█[31m█[31m█[31m█[31m█[31m█[31m█[31m█[31m█[31m█[31m█[31m█[31m█[31m█[31m█[31m█[31m█[31m█
[35m█[35m█[31m█[31m█[31m█[31m█[31m█[31m█[31m█[31m█[31m█[31m█[31m█[31m█[31m█[31m█[33m█[33m█
[35m█[35m█[35m█[35m█[31m█[31m█[31m█[31m█[31m█[31m█[31m█[31m█[31m█[31m█[33m█[33m█[33m█[33m█
[35m█[35m█[35m█[35m█[35m█[35m█[31m█[31m█[31m█[31m█[31m█[31m█[33m█[33m█[33m█[33m█[33m█[33m█
[35m█[35m█[35m█[35m█[35m█[35m█[33m█[33m█[31m█[31m█[33m█[33m█[33m█[33m█[33m█[33m█[33m█[33m█
[35m█[35m█[35m█[35m█[33m█[33m█[33m█[33m█[33m█[33m█[33m█[33m█[33m█[33m█[33m█[33m█[33m█[33m█
[0m
[34m█[34m█[34m█[34m█[34m█[34m█[34m█[34m█[34m█[34m█[34m█[34m█[34m█[34m█[34m█[34m█[34m█[34m█
[34m█[34m█[31m█[31m█[31m█[31m█[34m█[34m█[34m█[34m█[34m█[34m█[31m█[31m█[31m█[31m█[34m█[34m█
[31m█[31m█[31m█[31m█[31m█[31m█[31m█[31m█[34m█[34m█[31m█[31m█[31m█[31m█[31m█[31m█[31m█[31m█
[31m█[31m█[31m█[31m█[31m█[31m█[31m█[31m█[31m█[31m█[31m█[31m█[31m█[31m█[31m█[31m█[31m█[31m█
[35m█[35m█[31m█[31m█[31m█[31m█[31m█[31m█[31m█[31m█[31m█[31m█[31m█[31m█[31m█[31m█[33m█[33m█
[35m█[35m█[35m█[35m█[31m█[31m█[31m█[31m█[31m█[31m█[31m█[31m█[31m█[31m█[33m█[33m█[33m█[33m█
[35m█[35m█[35m█[35m█[35m█[35m█[31m█[31m█[31m█[31m█[31m█[31m█[33m█[33m█[33m█[33m█[33m█[33m█
[35m█[35m█[35m█[35m█[35m█[35m█[35m█[35m█[31m█[31m█[33m█[33m█[33m█[33m█[33m█[33m█[33m█[33m█
[35m█[35m█[35m█[35m█[33m█[33m█[33m█[33m█[33m█[33m█[33m█[33m█[33m█[33m█[33m█[33m█[33m█[33m█
[0m
[34m█[34m█[34m█[34m█[34m█[34m█[34m█[34m█[34m█[34m█[34m█[34m█[34m█[34m█[34m█[34m█[34m█[34m█
[34m█[34m█[31m█[31m█[31m█[31m█[34m█[34m█[34m█[34m█[34m█[34m█[31m█[31m█[31m█[31m█[34m█[34m█
[31m█[31m█[31m█[31m█[31m█[31m█[31m█[31m█[34m█[34m█[31m█[31m█[31m█[31m█[31m█[31m█[31m█[31m█
[31m█[31m█[31m█[31m█[31m█[31m█[31m█[31m█[31m█[31m█[31m█[31m█[31m█[31m█[31m█[31m█[31m█[31m█
[35m█[35m█[31m█[31m█[31m█[31m█[31m█[31m█[31m█[31m█[31m█[31m█[31m█[31m█[31m█[31m█[33m█[33m█
[35m█[35m█[35m█[35m█[31m█[31m█[31m█[31m█[31m█[31m█[31m█[31m█[31m█[31m█[33m█[33m█[33m█[33m█
[35m█[35m█[35m█[35m█[35m█[35m█[31m█[31m█[31m█[31m█[31m█[31m█[33m█[33m█[33m█[33m█[33m█[33m█
[35m█[35m█[35m█[35m█[35m█[35m█[35m█[35m█[31m█[31m█[33m█[33m█[33m█[33m█[33m█[33m█[33m█[33m█
[35m█[35m█[35m█[35m█[35m█[35m█[33m█[33m█[33m█[33m█[33m█[33m█[33m█[33m█[33m█[33m█[33m█[33m█
[0m
[34m█[34m█[34m█[34m█[34m█[34m█[34m█[34m█[34m█[34m█[34m█[34m█[34m█[34m█[34m█[34m█[34m█[34m█
[34m█[34m█[31m█[31m█[31m█[31m█[34m█[34m█[34m█[34m█[34m█[34m█[31m█[31m█[31m█[31m█[34m█[34m█
[31m█[31m█[31m█[31m█[31m█[31m█[31m█[31m█[34m█[34m█[31m█[31m█[31m█[31m█[31m█[31m█[31m█[31m█
[31m█[31m█[31m█[31m█[31m█[31m█[31m█[31m█[31m█[31m█[31m█[31m█[31m█[31m█[31m█[31m█[31m█[31m█
[35m█[35m█[31m█[31m█[31m█[31m█[31m█[31m█[31m█[31m█[31m█[31m█[31m█[31m█[31m█[31m█[33m█[33m█
[35m█[35m█[35m█[35m█[31m█[31m█[31m█[31m█[31m█[31m█[31m█[31m█[31m█[31m█[33m█[33m█[33m█[33m█
[35m█[35m█[35m█[35m█[35m█[35m█[31m█[31m█[31m█[31m█[31m█[31m█[33m█[33m█[33m█[33m█[33m█[33m█
[35m█[35m█[35m█[35m█[35m█[35m█[35m█[35m█[31m█[31m█[33m█[33m█[33m█[33m█[33m█[33m█[33m█[33m█
[35m█[35m█[35m█[35m█[35m█[35m█[35m█[35m█[33m█[33m█[33m█[33m█[33m█[33m█[33m█[33m█[33m█[33m█
[0m
[34m█[34m█[34m█[34m█[34m█[34m█[34m█[34m█[34m█[34m█[34m█[34m█[34m█[34m█[34m█[34m█[34m█[34m█
[34m█[34m█[31m█[31m█[31m█[31m█[34m█[34m█[34m█[34m█[34m█[34m█[31m█[31m█[31m█[31m█[34m█[34m█
[31m█[31m█[31m█[31m█[31m█[31m█[31m█[31m█[34m█[34m█[31m█[31m█[31m█[31m█[31m█[31m█[31m█[31m█
[31m█[31m█[31m█[31m█[31m█[31m█[31m█[31m█[31m█[31m█[31m█[31m█[31m█[31m█[31m█[31m█[31m█[31m█
[35m█[35m█[31m█[31m█[31m█[31m█[31m█[31m█[31m█[31m█[31m█[31m█[31m█[31m█[31m█[31m█[33m█[33m█
[35m█[35m█[35m█[35m█[31m█[31m█[31m█[31m█[31m█[31m█[31m█[31m█[31m█[31m█[33m█[33m█[33m█[33m█
[35m█[35m█[35m█[35m█[35m█[35m█[31m█[31m█[31m█[31m█[31m█[31m█[33m█[33m█[33m█[33m█[33m█[33m█
[35m█[35m█[35m█[35m█[35m█[35m█[35m█[35m█[31m█[31m█[33m█[33m█[33m█[33m█[33m█[33m█[33m█[33m█
[35m█[35m█[35m█[35m█[35m█[35m█[35m█[35m█[35m█[35m█[33m█[33m█[33m█[33m█[33m█[33m█[33m█[33m█
[0m
[34m█[34m█[34m█[34m█[34m█[34m█[34m█[34m█[34m█[34m█[34m█[34m█[34m█[34m█[34m█[34m█[34m█[34m█
[34m█[34m█[31m█[31m█[31m█[31m█[34m█[34m█[34m█[34m█[34m█[34m█[31m█[31m█[31m█[31m█[34m█[34m█
[31m█[31m█[31m█[31m█[31m█[31m█[31m█[31m█[34m█[34m█[31m█[31m█[31m█[31m█[31m█[31m█[31m█[31m█
[31m█[31m█[31m█[31m█[31m█[31m█[31m█[31m█[31m█[31m█[31m█[31m█[31m█[31m█[31m█[31m█[31m█[31m█
[35m█[35m█[31m█[31m█[31m█[31m█[31m█[31m█[31m█[31m█[31m█[31m█[31m█[31m█[31m█[31m█[33m█[33m█
[35m█[35m█[35m█[35m█[31m█[31m█[31m█[31m█[31m█[31m█[31m█[31m█[31m█[31m█[33m█[33m█[33m█[33m█
[35m█[35m█[35m█[35m█[35m█[35m█[31m█[31m█[31m█[31m█[31m█[31m█[33m█[33m█[33m█[33m█[33m█[33m█
[35m█[35m█[35m█[35m█[35m█[35m█[35m█[35m█[31m█[31m█[33m█[33m█[33m█[33m█[33m█[33m█[33m█[33m█
[35m█[35m█[35m█[35m█[35m█[35m█[35m█[35m█[35m█[35m█[35m█[35m█[33m█[33m█[33m█[33m█[33m█[33m█
[0m
[34m█[34m█[34m█[34m█[34m█[34m█[34m█[34m█[34m█[34m█[34m█[34m█[34m█[34m█[34m█[34m█[34m█[34m█
[34m█[34m█[31m█[31m█[31m█[31m█[34m█[34m█[34m█[34m█[34m█[34m█[31m█[31m█[31m█[31m█[34m█[34m█
[31m█[31m█[31m█[31m█[31m█[31m█[31m█[31m█[34m█[34m█[31m█[31m█[31m█[31m█[31m█[31m█[31m█[31m█
[31m█[31m█[31m█[31m█[31m█[31m█[31m█[31m█[31m█[31m█[31m█[31m█[31m█[31m█[31m█[31m█[31m█[31m█
[35m█[35m█[31m█[31m█[31m█[31m█[31m█[31m█[31m█[31m█[31m█[31m█[31m█[31m█[31m█[31m█[33m█[33m█
[35m█[35m█[35m█[35m█[31m█[31m█[31m█[31m█[31m█[31m█[31m█[31m█[31m█[31m█[33m█[33m█[33m█[33m█
[35m█[35m█[35m█[35m█[35m█[35m█[31m█[31m█[31m█[31m█[31m█[31m█[33m█[33m█[33m█[33m█[33m█[33m█
[35m█[35m█[35m█[35m█[35m█[35m█[35m█[35m█[31m█[31m█[35m█[35m█[33m█[33m█[33m█[33m█[33m█[33m█
[35m█[35m█[35m█[35m█[35m█[35m█[35m█[35m█[35m█[35m█[35m█[35m█[33m█[33m█[33m█[33m█[33m█[33m█
[0m
[34m█[34m█[34m█[34m█[34m█[34m█[34m█[34m█[34m█[34m█[34m█[34m█[34m█[34m█[34m█[34m█[34m█[34m█
[34m█[34m█[31m█[31m█[31m█[31m█[34m█[34m█[34m█[34m█[34m█[34m█[31m█[31m█[31m█[31m█[34m█[34m█
[31m█[31m█[31m█[31m█[31m█[31m█[31m█[31m█[34m█[34m█[31m█[31m█[31m█[31m█[31m█[31m█[31m█[31m█
[31m█[31m█[31m█[31m█[31m█[31m█[31m█[31m█[31m█[31m█[31m█[31m█[31m█[31m█[31m█[31m█[31m█[31m█
[35m█[35m█[31m█[31m█[31m█[31m█[31m█[31m█[31m█[31m█[31m█[31m█[31m█[31m█[31m█[31m█[33m█[33m█
[35m█[35m█[35m█[35m█[31m█[31m█[31m█[31m█[31m█[31m█[31m█[31m█[31m█[31m█[33m█[33m█[33m█[33m█
[35m█[35m█[35m█[35m█[35m█[35m█[31m█[31m█[31m█[31m█[31m█[31m█[33m█[33m█[33m█[33m█[33m█[33m█
[35m█[35m█[35m█[35m█[35m█[35m█[35m█[35m█[31m█[31m█[35m█[35m█[33m█[33m█[33m█[33m█[33m█[33m█
[35m█[35m█[35m█[35m█[35m█[35m█[35m█[35m█[35m█[35m█[35m█[35m█[35m█[35m█[33m█[33m█[33m█[33m█
[0m
[34m█[34m█[34m█[34m█[34m█[34m█[34m█[34m█[34m█[34m█[34m█[34m█[34m█[34m█[34m█[34m█[34m█[34m█
[34m█[34m█[31m█[31m█[31m█[31m█[34m█[34m█[34m█[34m█[34m█[34m█[31m█[31m█[31m█[31m█[34m█[34m█
[31m█[31m█[31m█[31m█[31m█[31m█[31m█[31m█[34m█[34m█[31m█[31m█[31m█[31m█[31m█[31m█[31m█[31m█
[31m█[31m█[31m█[31m█[31m█[31m█[31m█[31m█[31m█[31m█[31m█[31m█[31m█[31m█[31m█[31m█[31m█[31m█
[35m█[35m█[31m█[31m█[31m█[31m█[31m█[31m█[31m█[31m█[31m█[31m█[31m█[31m█[31m█[31m█[33m█[33m█
[35m█[35m█[35m█[35m█[31m█[31m█[31m█[31m█[31m█[31m█[31m█[31m█[31m█[31m█[33m█[33m█[33m█[33m█
[35m█[35m█[35m█[35m█[35m█[35m█[31m█[31m█[31m█[31m█[31m█[31m█[33m█[33m█[33m█[33m█[33m█[33m█
[35m█[35m█[35m█[35m█[35m█[35m█[35m█[35m█[31m█[31m█[35m█[35m█[35m█[35m█[33m█[33m█[33m█[33m█
[35m█[35m█[35m█[35m█[35m█[35m█[35m█[35m█[35m█[35m█[35m█[35m█[35m█[35m█[33m█[33m█[33m█[33m█
[0m
[34m█[34m█[34m█[34m█[34m█[34m█[34m█[34m█[34m█[34m█[34m█[34m█[34m█[34m█[34m█[34m█[34m█[34m█
[34m█[34m█[31m█[31m█[31m█[31m█[34m█[34m█[34m█[34m█[34m█[34m█[31m█[31m█[31m█[31m█[34m█[34m█
[31m█[31m█[31m█[31m█[31m█[31m█[31m█[31m█[34m█[34m█[31m█[31m█[31m█[31m█[31m█[31m█[31m█[31m█
[31m█[31m█[31m█[31m█[31m█[31m█[31m█[31m█[31m█[31m█[31m█[31m█[31m█[31m█[31m█[31m█[31m█[31m█
[35m█[35m█[31m█[31m█[31m█[31m█[31m█[31m█[31m█[31m█[31m█[31m█[31m█[31m█[31m█[31m█[33m█[33m█
[35m█[35m█[35m█[35m█[31m█[31m█[31m█[31m█[31m█[31m█[31m█[31m█[31m█[31m█[33m█[33m█[33m█[33m█
[35m█[35m█[35m█[35m█[35m█[35m█[31m█[31m█[31m█[31m█[31m█[31m█[33m█[33m█[33m█[33m█[33m█[33m█
[35m█[35m█[35m█[35m█[35m█[35m█[35m█[35m█[31m█[31m█[35m█[35m█[35m█[35m█[33m█[33m█[33m█[33m█
[35m█[35m█[35m█[35m█[35m█[35m█[35m█[35m█[35m█[35m█[35m█[35m█[35m█[35m█[35m█[35m█[33m█[33m█
[0m
[34m█[34m█[34m█[34m█[34m█[34m█[34m█[34m█[34m█[34m█[34m█[34m█[34m█[34m█[34m█[34m█[34m█[34m█
[34m█[34m█[31m█[31m█[31m█[31m█[34m█[34m█[34m█[34m█[34m█[34m█[31m█[31m█[31m█[31m█[34m█[34m█
[31m█[31m█[31m█[31m█[31m█[31m█[31m█[31m█[34m█[34m█[31m█[31m█[31m█[31m█[31m█[31m█[31m█[31m█
[31m█[31m█[31m█[31m█[31m█[31m█[31m█[31m█[31m█[31m█[31m█[31m█[31m█[31m█[31m█[31m█[31m█[31m█
[35m█[35m█[31m█[31m█[31m█[31m█[31m█[31m█[31m█[31m█[31m█[31m█[31m█[31m█[31m█[31m█[33m█[33m█
[35m█[35m█[35m█[35m█[31m█[31m█[31m█[31m█[31m█[31m█[31m█[31m█[31m█[31m█[33m█[33m█[33m█[33m█
[35m█[35m█[35m█[35m█[35m█[35m█[31m█[31m█[31m█[31m█[31m█[31m█[35m█[35m█[33m█[33m█[33m█[33m█
[35m█[35m█[35m█[35m█[35m█[35m█[35m█[35m█[31m█[31m█[35m█[35m█[35m█[35m█[33m█[33m█[33m█[33m█
[35m█[35m█[35m█[35m█[35m█[35m█[35m█[35m█[35m█[35m█[35m█[35m█[35m█[35m█[35m█[35m█[33m█[33m█
[0m
[34m█[34m█[34m█[34m█[34m█[34m█[34m█[34m█[34m█[34m█[34m█[34m█[34m█[34m█[34m█[34m█[34m█[34m█
[34m█[34m█[31m█[31m█[31m█[31m█[34m█[34m█[34m█[34m█[34m█[34m█[31m█[31m█[31m█[31m█[34m█[34m█
[31m█[31m█[31m█[31m█[31m█[31m█[31m█[31m█[34m█[34m█[31m█[31m█[31m█[31m█[31m█[31m█[31m█[31m█
[31m█[31m█[31m█[31m█[31m█[31m█[31m█[31m█[31m█[31m█[31m█[31m█[31m█[31m█[31m█[31m█[31m█[31m█
[35m█[35m█[31m█[31m█[31m█[31m█[31m█[31m█[31m█[31m█[31m█[31m█[31m█[31m█[31m█[31m█[33m█[33m█
[35m█[35m█[35m█[35m█[31m█[31m█[31m█[31m█[31m█[31m█[31m█[31m█[31m█[31m█[33m█[33m█[33m█[33m█
[35m█[35m█[35m█[35m█[35m█[35m█[31m█[31m█[31m█[31m█[31m█[31m█[35m█[35m█[33m█[33m█[33m█[33m█
[35m█[35m█[35m█[35m█[35m█[35m█[35m█[35m█[31m█[31m█[35m█[35m█[35m█[35m█[35m█[35m█[33m█[33m█
[35m█[35m█[35m█[35m█[35m█[35m█[35m█[35m█[35m█[35m█[35m█[35m█[35m█[35m█[35m█[35m█[33m█[33m█
[0m
[34m█[34m█[34m█[34m█[34m█[34m█[34m█[34m█[34m█[34m█[34m█[34m█[34m█[34m█[34m█[34m█[34m█[34m█
[34m█[34m█[31m█[31m█[31m█[31m█[34m█[34m█[34m█[34m█[34m█[34m█[31m█[31m█[31m█[31m█[34m█[34m█
[31m█[31m█[31m█[31m█[31m█[31m█[31m█[31m█[34m█[34m█[31m█[31m█[31m█[31m█[31m█[31m█[31m█[31m█
[31m█[31m█[31m█[31m█[31m█[31m█[31m█[31m█[31m█[31m█[31m█[31m█[31m█[31m█[31m█[31m█[31m█[31m█
[35m█[35m█[31m█[31m█[31m█[31m█[31m█[31m█[31m█[31m█[31m█[31m█[31m█[31m█[31m█[31m█[33m█[33m█
[35m█[35m█[35m█[35m█[31m█[31m█[31m█[31m█[31m█[31m█[31m█[31m█[31m█[31m█[33m█[33m█[33m█[33m█
[35m█[35m█[35m█[35m█[35m█[35m█[31m█[31m█[31m█[31m█[31m█[31m█[35m█[35m█[33m█[33m█[33m█[33m█
[35m█[35m█[35m█[35m█[35m█[35m█[35m█[35m█[31m█[31m█[35m█[35m█[35m█[35m█[35m█[35m█[33m█[33m█
[35m█[35m█[35m█[35m█[35m█[35m█[35m█[35m█[35m█[35m█[35m█[35m█[35m█[35m█[35m█[35m█[35m█[35m█
[0m
[34m█[34m█[34m█[34m█[34m█[34m█[34m█[34m█[34m█[34m█[34m█[34m█[34m█[34m█[34m█[34m█[34m█[34m█
[34m█[34m█[31m█[31m█[31m█[31m█[34m█[34m█[34m█[34m█[34m█[34m█[31m█[31m█[31m█[31m█[34m█[34m█
[31m█[31m█[31m█[31m█[31m█[31m█[31m█[31m█[34m█[34m█[31m█[31m█[31m█[31m█[31m█[31m█[31m█[31m█
[31m█[31m█[31m█[31m█[31m█[31m█[31m█[31m█[31m█[31m█[31m█[31m█[31m█[31m█[31m█[31m█[31m█[31m█
[35m█[35m█[31m█[31m█[31m█[31m█[31m█[31m█[31m█[31m█[31m█[31m█[31m█[31m█[31m█[31m█[33m█[33m█
[35m█[35m█[35m█[35m█[31m█[31m█[31m█[31m█[31m█[31m█[31m█[31m█[31m█[31m█[33m█[33m█[33m█[33m█
[35m█[35m█[35m█[35m█[35m█[35m█[31m█[31m█[31m█[31m█[31m█[31m█[35m█[35m█[35m█[35m█[33m█[33m█
[35m█[35m█[35m█[35m█[35m█[35m█[35m█[35m█[31m█[31m█[35m█[35m█[35m█[35m█[35m█[35m█[33m█[33m█
[35m█[35m█[35m█[35m█[35m█[35m█[35m█[35m█[35m█[35m█[35m█[35m█[35m█[35m█[35m█[35m█[35m█[35m█
[0m
[34m█[34m█[34m█[34m█[34m█[34m█[34m█[34m█[34m█[34m█[34m█[34m█[34m█[34m█[34m█[34m█[34m█[34m█
[34m█[34m█[31m█[31m█[31m█[31m█[34m█[34m█[34m█[34m█[34m█[34m█[31m█[31m█[31m█[31m█[34m█[34m█
[31m█[31m█[31m█[31m█[31m█[31m█[31m█[31m█[34m█[34m█[31m█[31m█[31m█[31m█[31m█[31m█[31m█[31m█
[31m█[31m█[31m█[31m█[31m█[31m█[31m█[31m█[31m█[31m█[31m█[31m█[31m█[31m█[31m█[31m█[31m█[31m█
[35m█[35m█[31m█[31m█[31m█[31m█[31m█[31m█[31m█[31m█[31m█[31m█[31m█[31m█[31m█[31m█[33m█[33m█
[35m█[35m█[35m█[35m█[31m█[31m█[31m█[31m█[31m█[31m█[31m█[31m█[31m█[31m█[33m█[33m█[33m█[33m█
[35m█[35m█[35m█[35m█[35m█[35m█[31m█[31m█[31m█[31m█[31m█[31m█[35m█[35m█[35m█[35m█[33m█[33m█
[35m█[35m█[35m█[35m█[35m█[35m█[35m█[35m█[31m█[31m█[35m█[35m█[35m█[35m█[35m█[35m█[35m█[35m█
[35m█[35m█[35m█[35m█[35m█[35m█[35m█[35m█[35m█[35m█[35m█[35m█[35m█[35m█[35m█[35m█[35m█[35m█
[0m
[34m█[34m█[34m█[34m█[34m█[34m█[34m█[34m█[34m█[34m█[34m█[34m█[34m█[34m█[34m█[34m█[34m█[34m█
[34m█[34m█[31m█[31m█[31m█[31m█[34m█[34m█[34m█[34m█[34m█[34m█[31m█[31m█[31m█[31m█[34m█[34m█
[31m█[31m█[31m█[31m█[31m█[31m█[31m█[31m█[34m█[34m█[31m█[31m█[31m█[31m█[31m█[31m█[31m█[31m█
[31m█[31m█[31m█[31m█[31m█[31m█[31m█[31m█[31m█[31m█[31m█[31m█[31m█[31m█[31m█[31m█[31m█[31m█
[35m█[35m█[31m█[31m█[31m█[31m█[31m█[31m█[31m█[31m█[31m█[31m█[31m█[31m█[31m█[31m█[33m█[33m█
[35m█[35m█[35m█[35m█[31m█[31m█[31m█[31m█[31m█[31m█[31m█[31m█[31m█[31m█[35m█[35m█[33m█[33m█
[35m█[35m█[35m█[35m█[35m█[35m█[31m█[31m█[31m█[31m█[31m█[31m█[35m█[35m█[35m█[35m█[33m█[33m█
[35m█[35m█[35m█[35m█[35m█[35m█[35m█[35m█[31m█[31m█[35m█[35m█[35m█[35m█[35m█[35m█[35m█[35m█
[35m█[35m█[35m█[35m█[35m█[35m█[35m█[35m█[35m█[35m█[35m█[35m█[35m█[35m█[35m█[35m█[35m█[35m█
[0m
[34m█[34m█[34m█[34m█[34m█[34m█[34m█[34m█[34m█[34m█[34m█[34m█[34m█[34m█[34m█[34m█[34m█[34m█
[34m█[34m█[31m█[31m█[31m█[31m█[34m█[34m█[34m█[34m█[34m█[34m█[31m█[31m█[31m█[31m█[34m█[34m█
[31m█[31m█[31m█[31m█[31m█[31m█[31m█[31m█[34m█[34m█[31m█[31m█[31m█[31m█[31m█[31m█[31m█[31m█
[31m█[31m█[31m█[31m█[31m█[31m█[31m█[31m█[31m█[31m█[31m█[31m█[31m█[31m█[31m█[31m█[31m█[31m█
[35m█[35m█[31m█[31m█[31m█[31m█[31m█[31m█[31m█[31m█[31m█[31m█[31m█[31m█[31m█[31m█[33m█[33m█
[35m█[35m█[35m█[35m█[31m█[31m█[31m█[31m█[31m█[31m█[31m█[31m█[31m█[31m█[35m█[35m█[33m█[33m█
[35m█[35m█[35m█[35m█[35m█[35m█[31m█[31m█[31m█[31m█[31m█[31m█[35m█[35m█[35m█[35m█[35m█[35m█
[35m█[35m█[35m█[35m█[35m█[35m█[35m█[35m█[31m█[31m█[35m█[35m█[35m█[35m█[35m█[35m█[35m█[35m█
[35m█[35m█[35m█[35m█[35m█[35m█[35m█[35m█[35m█[35m█[35m█[35m█[35m█[35m█[35m█[35m█[35m█[35m█
[0m
[34m█[34m█[34m█[34m█[34m█[34m█[34m█[34m█[34m█[34m█[34m█[34m█[34m█[34m█[34m█[34m█[34m█[34m█
[34m█[34m█[31m█[31m█[31m█[31m█[34m█[34m█[34m█[34m█[34m█[34m█[31m█[31m█[31m█[31m█[34m█[34m█
[31m█[31m█[31m█[31m█[31m█[31m█[31m█[31m█[34m█[34m█[31m█[31m█[31m█[31m█[31m█[31m█[31m█[31m█
[31m█[31m█[31m█[31m█[31m█[31m█[31m█[31m█[31m█[31m█[31m█[31m█[31m█[31m█[31m█[31m█[31m█[31m█
[35m█[35m█[31m█[31m█[31m█[31m█[31m█[31m█[31m█[31m█[31m█[31m█[31m█[31m█[31m█[31m█[33m█[33m█
[35m█[35m█[35m█[35m█[31m█[31m█[31m█[31m█[31m█[31m█[31m█[31m█[31m█[31m█[35m█[35m█[35m█[35m█
[35m█[35m█[35m█[35m█[35m█[35m█[31m█[31m█[31m█[31m█[31m█[31m█[35m█[35m█[35m█[35m█[35m█[35m█
[35m█[35m█[35m█[35m█[35m█[35m█[35m█[35m█[31m█[31m█[35m█[35m█[35m█[35m█[35m█[35m█[35m█[35m█
[35m█[35m█[35m█[35m█[35m█[35m█[35m█[35m█[35m█[35m█[35m█[35m█[35m█[35m█[35m█[35m█[35m█[35m█
[0m
[34m█[34m█[34m█[34m█[34m█[34m█[34m█[34m█[34m█[34m█[34m█[34m█[34m█[34m█[34m█[34m█[34m█[34m█
[34m█[34m█[31m█[31m█[31m█[31m█[34m█[34m█[34m█[34m█[34m█[34m█[31m█[31m█[31m█[31m█[34m█[34m█
[31m█[31m█[31m█[31m█[31m█[31m█[31m█[31m█[34m█[34m█[31m█[31m█[31m█[31m█[31m█[31m█[31m█[31m█
[31m█[31m█[31m█[31m█[31m█[31m█[31m█[31m█[31m█[31m█[31m█[31m█[31m█[31m█[31m█[31m█[31m█[31m█
[35m█[35m█[31m█[31m█[31m█[31m█[31m█[31m█[31m█[31m█[31m█[31m█[31m█[31m█[31m█[31m█[35m█[35m█
[35m█[35m█[35m█[35m█[31m█[31m█[31m█[31m█[31m█[31m█[31m█[31m█[31m█[31m█[35m█[35m█[35m█[35m█
[35m█[35m█[35m█[35m█[35m█[35m█[31m█[31m█[31m█[31m█[31m█[31m█[35m█[35m█[35m█[35m█[35m█[35m█
[35m█[35m█[35m█[35m█[35m█[35m█[35m█[35m█[31m█[31m█[35m█[35m█[35m█[35m█[35m█[35m█[35m█[35m█
[35m█[35m█[35m█[35m█[35m█[35m█[35m█[35m█[35m█[35m█[35m█[35m█[35m█[35m█[35m█[35m█[35m█[35m█
[0m
Starting DFS; initial state:
[34m█[34m█[34m█[34m█[34m█[34m█[34m█[34m█[34m█[34m█[34m█[34m█[34m█[34m█[34m█[34m█[34m█[34m█
[34m█[34m█[31m█[31m█[31m█[31m█[34m█[34m█[34m█[34m█[34m█[34m█[31m█[31m█[31m█[31m█[34m█[34m█
[31m█[31m█[31m█[31m█[31m█[31m█[31m█[31m█[34m█[34m█[31m█[31m█[31m█[31m█[31m█[31m█[31m█[31m█
[31m█[31m█[31m█[31m█[31m█[31m█[31m█[31m█[31m█[31m█[31m█[31m█[31m█[31m█[31m█[31m█[31m█[31m█
[35m█[35m█[31m█[31m█[31m█[31m█[31m█[31m█[31m█[31m█[31m█[31m█[31m█[31m█[31m█[31m█[35m█[35m█
[35m█[35m█[35m█[35m█[31m█[31m█[31m█[31m█[31m█[31m█[31m█[31m█[31m█[31m█[35m█[35m█[35m█[35m█
[35m█[35m█[35m█[35m█[35m█[35m█[31m█[31m█[31m█[31m█[31m█[31m█[35m█[35m█[35m█[35m█[35m█[35m█
[35m█[35m█[35m█[35m█[35m█[35m█[35m█[35m█[31m█[31m█[35m█[35m█[35m█[35m█[35m█[35m█[35m█[35m█
[35m█[35m█[35m█[35m█[35m█[35m█[35m█[35m█[35m█[35m█[35m█[35m█[35m█[35m█[35m█[35m█[35m█[35m█
[0m
[34m█[34m█[34m█[34m█[34m█[34m█[34m█[34m█[34m█[34m█[34m█[34m█[34m█[34m█[35m█[35m█[34m█[34m█
[34m█[34m█[31m█[31m█[31m█[31m█[34m█[34m█[34m█[34m█[34m█[34m█[31m█[31m█[31m█[31m█[34m█[34m█
[31m█[31m█[31m█[31m█[31m█[31m█[31m█[31m█[34m█[34m█[31m█[31m█[31m█[31m█[31m█[31m█[31m█[31m█
[31m█[31m█[31m█[31m█[31m█[31m█[31m█[31m█[31m█[31m█[31m█[31m█[31m█[31m█[31m█[31m█[31m█[31m█
[35m█[35m█[31m█[31m█[31m█[31m█[31m█[31m█[31m█[31m█[31m█[31m█[31m█[31m█[31m█[31m█[35m█[35m█
[35m█[35m█[35m█[35m█[31m█[31m█[31m█[31m█[31m█[31m█[31m█[31m█[31m█[31m█[35m█[35m█[35m█[35m█
[35m█[35m█[35m█[35m█[35m█[35m█[31m█[31m█[31m█[31m█[31m█[31m█[35m█[35m█[35m█[35m█[35m█[35m█
[35m█[35m█[35m█[35m█[35m█[35m█[35m█[35m█[31m█[31m█[35m█[35m█[35m█[35m█[35m█[35m█[35m█[35m█
[35m█[35m█[35m█[35m█[35m█[35m█[35m█[35m█[35m█[35m█[35m█[35m█[35m█[35m█[35m█[35m█[35m█[35m█
[0m
[34m█[34m█[34m█[34m█[34m█[34m█[34m█[34m█[34m█[34m█[34m█[34m█[35m█[35m█[35m█[35m█[34m█[34m█
[34m█[34m█[31m█[31m█[31m█[31m█[34m█[34m█[34m█[34m█[34m█[34m█[31m█[31m█[31m█[31m█[34m█[34m█
[31m█[31m█[31m█[31m█[31m█[31m█[31m█[31m█[34m█[34m█[31m█[31m█[31m█[31m█[31m█[31m█[31m█[31m█
[31m█[31m█[31m█[31m█[31m█[31m█[31m█[31m█[31m█[31m█[31m█[31m█[31m█[31m█[31m█[31m█[31m█[31m█
[35m█[35m█[31m█[31m█[31m█[31m█[31m█[31m█[31m█[31m█[31m█[31m█[31m█[31m█[31m█[31m█[35m█[35m█
[35m█[35m█[35m█[35m█[31m█[31m█[31m█[31m█[31m█[31m█[31m█[31m█[31m█[31m█[35m█[35m█[35m█[35m█
[35m█[35m█[35m█[35m█[35m█[35m█[31m█[31m█[31m█[31m█[31m█[31m█[35m█[35m█[35m█[35m█[35m█[35m█
[35m█[35m█[35m█[35m█[35m█[35m█[35m█[35m█[31m█[31m█[35m█[35m█[35m█[35m█[35m█[35m█[35m█[35m█
[35m█[35m█[35m█[35m█[35m█[35m█[35m█[35m█[35m█[35m█[35m█[35m█[35m█[35m█[35m█[35m█[35m█[35m█
[0m
[34m█[34m█[34m█[34m█[34m█[34m█[34m█[34m█[34m█[34m█[35m█[35m█[35m█[35m█[35m█[35m█[34m█[34m█
[34m█[34m█[31m█[31m█[31m█[31m█[34m█[34m█[34m█[34m█[34m█[34m█[31m█[31m█[31m█[31m█[34m█[34m█
[31m█[31m█[31m█[31m█[31m█[31m█[31m█[31m█[34m█[34m█[31m█[31m█[31m█[31m█[31m█[31m█[31m█[31m█
[31m█[31m█[31m█[31m█[31m█[31m█[31m█[31m█[31m█[31m█[31m█[31m█[31m█[31m█[31m█[31m█[31m█[31m█
[35m█[35m█[31m█[31m█[31m█[31m█[31m█[31m█[31m█[31m█[31m█[31m█[31m█[31m█[31m█[31m█[35m█[35m█
[35m█[35m█[35m█[35m█[31m█[31m█[31m█[31m█[31m█[31m█[31m█[31m█[31m█[31m█[35m█[35m█[35m█[35m█
[35m█[35m█[35m█[35m█[35m█[35m█[31m█[31m█[31m█[31m█[31m█[31m█[35m█[35m█[35m█[35m█[35m█[35m█
[35m█[35m█[35m█[35m█[35m█[35m█[35m█[35m█[31m█[31m█[35m█[35m█[35m█[35m█[35m█[35m█[35m█[35m█
[35m█[35m█[35m█[35m█[35m█[35m█[35m█[35m█[35m█[35m█[35m█[35m█[35m█[35m█[35m█[35m█[35m█[35m█
[0m
[34m█[34m█[34m█[34m█[34m█[34m█[34m█[34m█[35m█[35m█[35m█[35m█[35m█[35m█[35m█[35m█[34m█[34m█
[34m█[34m█[31m█[31m█[31m█[31m█[34m█[34m█[34m█[34m█[34m█[34m█[31m█[31m█[31m█[31m█[34m█[34m█
[31m█[31m█[31m█[31m█[31m█[31m█[31m█[31m█[34m█[34m█[31m█[31m█[31m█[31m█[31m█[31m█[31m█[31m█
[31m█[31m█[31m█[31m█[31m█[31m█[31m█[31m█[31m█[31m█[31m█[31m█[31m█[31m█[31m█[31m█[31m█[31m█
[35m█[35m█[31m█[31m█[31m█[31m█[31m█[31m█[31m█[31m█[31m█[31m█[31m█[31m█[31m█[31m█[35m█[35m█
[35m█[35m█[35m█[35m█[31m█[31m█[31m█[31m█[31m█[31m█[31m█[31m█[31m█[31m█[35m█[35m█[35m█[35m█
[35m█[35m█[35m█[35m█[35m█[35m█[31m█[31m█[31m█[31m█[31m█[31m█[35m█[35m█[35m█[35m█[35m█[35m█
[35m█[35m█[35m█[35m█[35m█[35m█[35m█[35m█[31m█[31m█[35m█[35m█[35m█[35m█[35m█[35m█[35m█[35m█
[35m█[35m█[35m█[35m█[35m█[35m█[35m█[35m█[35m█[35m█[35m█[35m█[35m█[35m█[35m█[35m█[35m█[35m█
[0m
[34m█[34m█[34m█[34m█[34m█[34m█[35m█[35m█[35m█[35m█[35m█[35m█[35m█[35m█[35m█[35m█[34m█[34m█
[34m█[34m█[31m█[31m█[31m█[31m█[34m█[34m█[34m█[34m█[34m█[34m█[31m█[31m█[31m█[31m█[34m█[34m█
[31m█[31m█[31m█[31m█[31m█[31m█[31m█[31m█[34m█[34m█[31m█[31m█[31m█[31m█[31m█[31m█[31m█[31m█
[31m█[31m█[31m█[31m█[31m█[31m█[31m█[31m█[31m█[31m█[31m█[31m█[31m█[31m█[31m█[31m█[31m█[31m█
[35m█[35m█[31m█[31m█[31m█[31m█[31m█[31m█[31m█[31m█[31m█[31m█[31m█[31m█[31m█[31m█[35m█[35m█
[35m█[35m█[35m█[35m█[31m█[31m█[31m█[31m█[31m█[31m█[31m█[31m█[31m█[31m█[35m█[35m█[35m█[35m█
[35m█[35m█[35m█[35m█[35m█[35m█[31m█[31m█[31m█[31m█[31m█[31m█[35m█[35m█[35m█[35m█[35m█[35m█
[35m█[35m█[35m█[35m█[35m█[35m█[35m█[35m█[31m█[31m█[35m█[35m█[35m█[35m█[35m█[35m█[35m█[35m█
[35m█[35m█[35m█[35m█[35m█[35m█[35m█[35m█[35m█[35m█[35m█[35m█[35m█[35m█[35m█[35m█[35m█[35m█
[0m
[34m█[34m█[34m█[34m█[35m█[35m█[35m█[35m█[35m█[35m█[35m█[35m█[35m█[35m█[35m█[35m█[34m█[34m█
[34m█[34m█[31m█[31m█[31m█[31m█[34m█[34m█[34m█[34m█[34m█[34m█[31m█[31m█[31m█[31m█[34m█[34m█
[31m█[31m█[31m█[31m█[31m█[31m█[31m█[31m█[34m█[34m█[31m█[31m█[31m█[31m█[31m█[31m█[31m█[31m█
[31m█[31m█[31m█[31m█[31m█[31m█[31m█[31m█[31m█[31m█[31m█[31m█[31m█[31m█[31m█[31m█[31m█[31m█
[35m█[35m█[31m█[31m█[31m█[31m█[31m█[31m█[31m█[31m█[31m█[31m█[31m█[31m█[31m█[31m█[35m█[35m█
[35m█[35m█[35m█[35m█[31m█[31m█[31m█[31m█[31m█[31m█[31m█[31m█[31m█[31m█[35m█[35m█[35m█[35m█
[35m█[35m█[35m█[35m█[35m█[35m█[31m█[31m█[31m█[31m█[31m█[31m█[35m█[35m█[35m█[35m█[35m█[35m█
[35m█[35m█[35m█[35m█[35m█[35m█[35m█[35m█[31m█[31m█[35m█[35m█[35m█[35m█[35m█[35m█[35m█[35m█
[35m█[35m█[35m█[35m█[35m█[35m█[35m█[35m█[35m█[35m█[35m█[35m█[35m█[35m█[35m█[35m█[35m█[35m█
[0m
[34m█[34m█[35m█[35m█[35m█[35m█[35m█[35m█[35m█[35m█[35m█[35m█[35m█[35m█[35m█[35m█[34m█[34m█
[34m█[34m█[31m█[31m█[31m█[31m█[34m█[34m█[34m█[34m█[34m█[34m█[31m█[31m█[31m█[31m█[34m█[34m█
[31m█[31m█[31m█[31m█[31m█[31m█[31m█[31m█[34m█[34m█[31m█[31m█[31m█[31m█[31m█[31m█[31m█[31m█
[31m█[31m█[31m█[31m█[31m█[31m█[31m█[31m█[31m█[31m█[31m█[31m█[31m█[31m█[31m█[31m█[31m█[31m█
[35m█[35m█[31m█[31m█[31m█[31m█[31m█[31m█[31m█[31m█[31m█[31m█[31m█[31m█[31m█[31m█[35m█[35m█
[35m█[35m█[35m█[35m█[31m█[31m█[31m█[31m█[31m█[31m█[31m█[31m█[31m█[31m█[35m█[35m█[35m█[35m█
[35m█[35m█[35m█[35m█[35m█[35m█[31m█[31m█[31m█[31m█[31m█[31m█[35m█[35m█[35m█[35m█[35m█[35m█
[35m█[35m█[35m█[35m█[35m█[35m█[35m█[35m█[31m█[31m█[35m█[35m█[35m█[35m█[35m█[35m█[35m█[35m█
[35m█[35m█[35m█[35m█[35m█[35m█[35m█[35m█[35m█[35m█[35m█[35m█[35m█[35m█[35m█[35m█[35m█[35m█
[0m
[35m█[35m█[35m█[35m█[35m█[35m█[35m█[35m█[35m█[35m█[35m█[35m█[35m█[35m█[35m█[35m█[34m█[34m█
[34m█[34m█[31m█[31m█[31m█[31m█[34m█[34m█[34m█[34m█[34m█[34m█[31m█[31m█[31m█[31m█[34m█[34m█
[31m█[31m█[31m█[31m█[31m█[31m█[31m█[31m█[34m█[34m█[31m█[31m█[31m█[31m█[31m█[31m█[31m█[31m█
[31m█[31m█[31m█[31m█[31m█[31m█[31m█[31m█[31m█[31m█[31m█[31m█[31m█[31m█[31m█[31m█[31m█[31m█
[35m█[35m█[31m█[31m█[31m█[31m█[31m█[31m█[31m█[31m█[31m█[31m█[31m█[31m█[31m█[31m█[35m█[35m█
[35m█[35m█[35m█[35m█[31m█[31m█[31m█[31m█[31m█[31m█[31m█[31m█[31m█[31m█[35m█[35m█[35m█[35m█
[35m█[35m█[35m█[35m█[35m█[35m█[31m█[31m█[31m█[31m█[31m█[31m█[35m█[35m█[35m█[35m█[35m█[35m█
[35m█[35m█[35m█[35m█[35m█[35m█[35m█[35m█[31m█[31m█[35m█[35m█[35m█[35m█[35m█[35m█[35m█[35m█
[35m█[35m█[35m█[35m█[35m█[35m█[35m█[35m█[35m█[35m█[35m█[35m█[35m█[35m█[35m█[35m█[35m█[35m█
[0m
[35m█[35m█[35m█[35m█[35m█[35m█[35m█[35m█[35m█[35m█[35m█[35m█[35m█[35m█[35m█[35m█[34m█[34m█
[35m█[35m█[31m█[31m█[31m█[31m█[34m█[34m█[34m█[34m█[34m█[34m█[31m█[31m█[31m█[31m█[34m█[34m█
[31m█[31m█[31m█[31m█[31m█[31m█[31m█[31m█[34m█[34m█[31m█[31m█[31m█[31m█[31m█[31m█[31m█[31m█
[31m█[31m█[31m█[31m█[31m█[31m█[31m█[31m█[31m█[31m█[31m█[31m█[31m█[31m█[31m█[31m█[31m█[31m█
[35m█[35m█[31m█[31m█[31m█[31m█[31m█[31m█[31m█[31m█[31m█[31m█[31m█[31m█[31m█[31m█[35m█[35m█
[35m█[35m█[35m█[35m█[31m█[31m█[31m█[31m█[31m█[31m█[31m█[31m█[31m█[31m█[35m█[35m█[35m█[35m█
[35m█[35m█[35m█[35m█[35m█[35m█[31m█[31m█[31m█[31m█[31m█[31m█[35m█[35m█[35m█[35m█[35m█[35m█
[35m█[35m█[35m█[35m█[35m█[35m█[35m█[35m█[31m█[31m█[35m█[35m█[35m█[35m█[35m█[35m█[35m█[35m█
[35m█[35m█[35m█[35m█[35m█[35m█[35m█[35m█[35m█[35m█[35m█[35m█[35m█[35m█[35m█[35m█[35m█[35m█
[0m
[35m█[35m█[35m█[35m█[35m█[35m█[35m█[35m█[35m█[35m█[35m█[35m█[35m█[35m█[35m█[35m█[34m█[34m█
[35m█[35m█[31m█[31m█[31m█[31m█[35m█[35m█[34m█[34m█[34m█[34m█[31m█[31m█[31m█[31m█[34m█[34m█
[31m█[31m█[31m█[31m█[31m█[31m█[31m█[31m█[34m█[34m█[31m█[31m█[31m█[31m█[31m█[31m█[31m█[31m█
[31m█[31m█[31m█[31m█[31m█[31m█[31m█[31m█[31m█[31m█[31m█[31m█[31m█[31m█[31m█[31m█[31m█[31m█
[35m█[35m█[31m█[31m█[31m█[31m█[31m█[31m█[31m█[31m█[31m█[31m█[31m█[31m█[31m█[31m█[35m█[35m█
[35m█[35m█[35m█[35m█[31m█[31m█[31m█[31m█[31m█[31m█[31m█[31m█[31m█[31m█[35m█[35m█[35m█[35m█
[35m█[35m█[35m█[35m█[35m█[35m█[31m█[31m█[31m█[31m█[31m█[31m█[35m█[35m█[35m█[35m█[35m█[35m█
[35m█[35m█[35m█[35m█[35m█[35m█[35m█[35m█[31m█[31m█[35m█[35m█[35m█[35m█[35m█[35m█[35m█[35m█
[35m█[35m█[35m█[35m█[35m█[35m█[35m█[35m█[35m█[35m█[35m█[35m█[35m█[35m█[35m█[35m█[35m█[35m█
[0m
[35m█[35m█[35m█[35m█[35m█[35m█[35m█[35m█[35m█[35m█[35m█[35m█[35m█[35m█[35m█[35m█[34m█[34m█
[35m█[35m█[31m█[31m█[31m█[31m█[35m█[35m█[35m█[35m█[34m█[34m█[31m█[31m█[31m█[31m█[34m█[34m█
[31m█[31m█[31m█[31m█[31m█[31m█[31m█[31m█[34m█[34m█[31m█[31m█[31m█[31m█[31m█[31m█[31m█[31m█
[31m█[31m█[31m█[31m█[31m█[31m█[31m█[31m█[31m█[31m█[31m█[31m█[31m█[31m█[31m█[31m█[31m█[31m█
[35m█[35m█[31m█[31m█[31m█[31m█[31m█[31m█[31m█[31m█[31m█[31m█[31m█[31m█[31m█[31m█[35m█[35m█
[35m█[35m█[35m█[35m█[31m█[31m█[31m█[31m█[31m█[31m█[31m█[31m█[31m█[31m█[35m█[35m█[35m█[35m█
[35m█[35m█[35m█[35m█[35m█[35m█[31m█[31m█[31m█[31m█[31m█[31m█[35m█[35m█[35m█[35m█[35m█[35m█
[35m█[35m█[35m█[35m█[35m█[35m█[35m█[35m█[31m█[31m█[35m█[35m█[35m█[35m█[35m█[35m█[35m█[35m█
[35m█[35m█[35m█[35m█[35m█[35m█[35m█[35m█[35m█[35m█[35m█[35m█[35m█[35m█[35m█[35m█[35m█[35m█
[0m
[35m█[35m█[35m█[35m█[35m█[35m█[35m█[35m█[35m█[35m█[35m█[35m█[35m█[35m█[35m█[35m█[34m█[34m█
[35m█[35m█[31m█[31m█[31m█[31m█[35m█[35m█[35m█[35m█[35m█[35m█[31m█[31m█[31m█[31m█[34m█[34m█
[31m█[31m█[31m█[31m█[31m█[31m█[31m█[31m█[34m█[34m█[31m█[31m█[31m█[31m█[31m█[31m█[31m█[31m█
[31m█[31m█[31m█[31m█[31m█[31m█[31m█[31m█[31m█[31m█[31m█[31m█[31m█[31m█[31m█[31m█[31m█[31m█
[35m█[35m█[31m█[31m█[31m█[31m█[31m█[31m█[31m█[31m█[31m█[31m█[31m█[31m█[31m█[31m█[35m█[35m█
[35m█[35m█[35m█[35m█[31m█[31m█[31m█[31m█[31m█[31m█[31m█[31m█[31m█[31m█[35m█[35m█[35m█[35m█
[35m█[35m█[35m█[35m█[35m█[35m█[31m█[31m█[31m█[31m█[31m█[31m█[35m█[35m█[35m█[35m█[35m█[35m█
[35m█[35m█[35m█[35m█[35m█[35m█[35m█[35m█[31m█[31m█[35m█[35m█[35m█[35m█[35m█[35m█[35m█[35m█
[35m█[35m█[35m█[35m█[35m█[35m█[35m█[35m█[35m█[35m█[35m█[35m█[35m█[35m█[35m█[35m█[35m█[35m█
[0m
[35m█[35m█[35m█[35m█[35m█[35m█[35m█[35m█[35m█[35m█[35m█[35m█[35m█[35m█[35m█[35m█[34m█[34m█
[35m█[35m█[31m█[31m█[31m█[31m█[35m█[35m█[35m█[35m█[35m█[35m█[31m█[31m█[31m█[31m█[34m█[34m█
[31m█[31m█[31m█[31m█[31m█[31m█[31m█[31m█[35m█[35m█[31m█[31m█[31m█[31m█[31m█[31m█[31m█[31m█
[31m█[31m█[31m█[31m█[31m█[31m█[31m█[31m█[31m█[31m█[31m█[31m█[31m█[31m█[31m█[31m█[31m█[31m█
[35m█[35m█[31m█[31m█[31m█[31m█[31m█[31m█[31m█[31m█[31m█[31m█[31m█[31m█[31m█[31m█[35m█[35m█
[35m█[35m█[35m█[35m█[31m█[31m█[31m█[31m█[31m█[31m█[31m█[31m█[31m█[31m█[35m█[35m█[35m█[35m█
[35m█[35m█[35m█[35m█[35m█[35m█[31m█[31m█[31m█[31m█[31m█[31m█[35m█[35m█[35m█[35m█[35m█[35m█
[35m█[35m█[35m█[35m█[35m█[35m█[35m█[35m█[31m█[31m█[35m█[35m█[35m█[35m█[35m█[35m█[35m█[35m█
[35m█[35m█[35m█[35m█[35m█[35m█[35m█[35m█[35m█[35m█[35m█[35m█[35m█[35m█[35m█[35m█[35m█[35m█
[0m
[35m█[35m█[35m█[35m█[35m█[35m█[35m█[35m█[35m█[35m█[35m█[35m█[35m█[35m█[35m█[35m█[35m█[35m█
[35m█[35m█[31m█[31m█[31m█[31m█[35m█[35m█[35m█[35m█[35m█[35m█[31m█[31m█[31m█[31m█[34m█[34m█
[31m█[31m█[31m█[31m█[31m█[31m█[31m█[31m█[35m█[35m█[31m█[31m█[31m█[31m█[31m█[31m█[31m█[31m█
[31m█[31m█[31m█[31m█[31m█[31m█[31m█[31m█[31m█[31m█[31m█[31m█[31m█[31m█[31m█[31m█[31m█[31m█
[35m█[35m█[31m█[31m█[31m█[31m█[31m█[31m█[31m█[31m█[31m█[31m█[31m█[31m█[31m█[31m█[35m█[35m█
[35m█[35m█[35m█[35m█[31m█[31m█[31m█[31m█[31m█[31m█[31m█[31m█[31m█[31m█[35m█[35m█[35m█[35m█
[35m█[35m█[35m█[35m█[35m█[35m█[31m█[31m█[31m█[31m█[31m█[31m█[35m█[35m█[35m█[35m█[35m█[35m█
[35m█[35m█[35m█[35m█[35m█[35m█[35m█[35m█[31m█[31m█[35m█[35m█[35m█[35m█[35m█[35m█[35m█[35m█
[35m█[35m█[35m█[35m█[35m█[35m█[35m█[35m█[35m█[35m█[35m█[35m█[35m█[35m█[35m█[35m█[35m█[35m█
[0m
[35m█[35m█[35m█[35m█[35m█[35m█[35m█[35m█[35m█[35m█[35m█[35m█[35m█[35m█[35m█[35m█[35m█[35m█
[35m█[35m█[31m█[31m█[31m█[31m█[35m█[35m█[35m█[35m█[35m█[35m█[31m█[31m█[31m█[31m█[35m█[35m█
[31m█[31m█[31m█[31m█[31m█[31m█[31m█[31m█[35m█[35m█[31m█[31m█[31m█[31m█[31m█[31m█[31m█[31m█
[31m█[31m█[31m█[31m█[31m█[31m█[31m█[31m█[31m█[31m█[31m█[31m█[31m█[31m█[31m█[31m█[31m█[31m█
[35m█[35m█[31m█[31m█[31m█[31m█[31m█[31m█[31m█[31m█[31m█[31m█[31m█[31m█[31m█[31m█[35m█[35m█
[35m█[35m█[35m█[35m█[31m█[31m█[31m█[31m█[31m█[31m█[31m█[31m█[31m█[31m█[35m█[35m█[35m█[35m█
[35m█[35m█[35m█[35m█[35m█[35m█[31m█[31m█[31m█[31m█[31m█[31m█[35m█[35m█[35m█[35m█[35m█[35m█
[35m█[35m█[35m█[35m█[35m█[35m█[35m█[35m█[31m█[31m█[35m█[35m█[35m█[35m█[35m█[35m█[35m█[35m█
[35m█[35m█[35m█[35m█[35m█[35m█[35m█[35m█[35m█[35m█[35m█[35m█[35m█[35m█[35m█[35m█[35m█[35m█
[0m
